
5월 23, 2018 20:25:00.87 NEW SESSION
5월 23, 2018 20:25:00.87 [6364:8096:0523/202500.872:ERROR:in_progress_cache_impl.cc(93)] Could not read download entries from file because there was a read failure.

5월 24, 2018 15:44:11.87 NEW SESSION
5월 24, 2018 15:44:11.87 [5968:6820:0524/154411.872:ERROR:in_progress_cache_impl.cc(93)] Could not read download entries from file because there was a read failure.
5월 24, 2018 16:21:02.58 Unable to read VR Path Registry from C:\Users\kosta\AppData\Local\openvr\openvrpaths.vrpath
5월 24, 2018 16:21:02.58 [5968:3580:0524/162102.584:ERROR:connection.cc(1888)] Passwords sqlite error 2067, errno 0: UNIQUE constraint failed: logins.origin_url, logins.username_element, logins.username_value, logins.password_element, logins.signon_realm, sql: INSERT INTO logins (origin_url, action_url, username_element, username_value, password_element, password_value, submit_element, signon_realm, preferred, date_created, blacklisted_by_user, scheme, password_type, times_used, form_data, date_synced, display_name, icon_url, federation_url, skip_zero_click, generation_upload_status, possible_username_pairs) VALUES (?,?,?,?,?,?,?,?,?,?,?,?,?,?,?,?,?,?,?,?,?,?)
5월 24, 2018 16:21:02.86 [5968:3580:0524/162102.862:ERROR:connection.cc(1888)] Passwords sqlite error 2067, errno 0: UNIQUE constraint failed: logins.origin_url, logins.username_element, logins.username_value, logins.password_element, logins.signon_realm, sql: INSERT INTO logins (origin_url, action_url, username_element, username_value, password_element, password_value, submit_element, signon_realm, preferred, date_created, blacklisted_by_user, scheme, password_type, times_used, form_data, date_synced, display_name, icon_url, federation_url, skip_zero_click, generation_upload_status, possible_username_pairs) VALUES (?,?,?,?,?,?,?,?,?,?,?,?,?,?,?,?,?,?,?,?,?,?)

5월 28, 2018 09:14:16.14 NEW SESSION
5월 28, 2018 09:14:16.14 [3056:1736:0528/091416.137:ERROR:in_progress_cache_impl.cc(93)] Could not read download entries from file because there was a read failure.
5월 28, 2018 09:38:04.31 [6720:7176:0528/093804.314:ERROR:in_progress_cache_impl.cc(93)] Could not read download entries from file because there was a read failure.
5월 28, 2018 14:47:45.24 [7652:7360:0528/144745.242:ERROR:in_progress_cache_impl.cc(93)] Could not read download entries from file because there was a read failure.
5월 28, 2018 14:47:45.37 [7652:1436:0528/144745.378:ERROR:in_progress_cache_impl.cc(189)] Cache is not initialized, cannot RetrieveEntry.
5월 28, 2018 14:47:45.37 [7652:1436:0528/144745.378:ERROR:in_progress_cache_impl.cc(189)] Cache is not initialized, cannot RetrieveEntry.
5월 28, 2018 14:47:45.37 [7652:1436:0528/144745.378:ERROR:in_progress_cache_impl.cc(189)] Cache is not initialized, cannot RetrieveEntry.
5월 28, 2018 14:47:45.37 [7652:1436:0528/144745.378:ERROR:in_progress_cache_impl.cc(189)] Cache is not initialized, cannot RetrieveEntry.
5월 28, 2018 14:47:45.37 [7652:1436:0528/144745.378:ERROR:in_progress_cache_impl.cc(189)] Cache is not initialized, cannot RetrieveEntry.
5월 28, 2018 14:47:45.37 [7652:1436:0528/144745.378:ERROR:in_progress_cache_impl.cc(189)] Cache is not initialized, cannot RetrieveEntry.
5월 28, 2018 14:47:45.37 [7652:1436:0528/144745.378:ERROR:in_progress_cache_impl.cc(189)] Cache is not initialized, cannot RetrieveEntry.
5월 28, 2018 14:47:45.38 [7652:1436:0528/144745.378:ERROR:in_progress_cache_impl.cc(189)] Cache is not initialized, cannot RetrieveEntry.
5월 28, 2018 14:47:45.38 [7652:1436:0528/144745.378:ERROR:in_progress_cache_impl.cc(189)] Cache is not initialized, cannot RetrieveEntry.
5월 28, 2018 14:47:45.38 [7652:1436:0528/144745.378:ERROR:in_progress_cache_impl.cc(189)] Cache is not initialized, cannot RetrieveEntry.
5월 28, 2018 14:47:45.38 [7652:1436:0528/144745.378:ERROR:in_progress_cache_impl.cc(189)] Cache is not initialized, cannot RetrieveEntry.
5월 28, 2018 14:47:45.38 [7652:1436:0528/144745.378:ERROR:in_progress_cache_impl.cc(189)] Cache is not initialized, cannot RetrieveEntry.
5월 28, 2018 14:47:45.38 [7652:1436:0528/144745.378:ERROR:in_progress_cache_impl.cc(189)] Cache is not initialized, cannot RetrieveEntry.
5월 28, 2018 14:47:45.38 [7652:1436:0528/144745.378:ERROR:in_progress_cache_impl.cc(189)] Cache is not initialized, cannot RetrieveEntry.
5월 28, 2018 14:47:45.38 [7652:1436:0528/144745.378:ERROR:in_progress_cache_impl.cc(189)] Cache is not initialized, cannot RetrieveEntry.
5월 28, 2018 14:47:45.38 [7652:1436:0528/144745.378:ERROR:in_progress_cache_impl.cc(189)] Cache is not initialized, cannot RetrieveEntry.
5월 28, 2018 14:47:45.38 [7652:1436:0528/144745.378:ERROR:in_progress_cache_impl.cc(189)] Cache is not initialized, cannot RetrieveEntry.
5월 28, 2018 14:47:45.38 [7652:1436:0528/144745.378:ERROR:in_progress_cache_impl.cc(189)] Cache is not initialized, cannot RetrieveEntry.
5월 28, 2018 14:47:45.38 [7652:1436:0528/144745.378:ERROR:in_progress_cache_impl.cc(189)] Cache is not initialized, cannot RetrieveEntry.
5월 28, 2018 14:47:45.38 [7652:1436:0528/144745.378:ERROR:in_progress_cache_impl.cc(189)] Cache is not initialized, cannot RetrieveEntry.
5월 28, 2018 14:47:45.38 [7652:1436:0528/144745.378:ERROR:in_progress_cache_impl.cc(189)] Cache is not initialized, cannot RetrieveEntry.
5월 28, 2018 14:47:45.38 [7652:1436:0528/144745.378:ERROR:in_progress_cache_impl.cc(189)] Cache is not initialized, cannot RetrieveEntry.
5월 28, 2018 14:47:45.38 [7652:1436:0528/144745.378:ERROR:in_progress_cache_impl.cc(189)] Cache is not initialized, cannot RetrieveEntry.
5월 28, 2018 14:47:45.38 [7652:1436:0528/144745.379:ERROR:in_progress_cache_impl.cc(189)] Cache is not initialized, cannot RetrieveEntry.
5월 28, 2018 14:47:45.38 [7652:1436:0528/144745.379:ERROR:in_progress_cache_impl.cc(189)] Cache is not initialized, cannot RetrieveEntry.
5월 28, 2018 14:47:45.38 [7652:1436:0528/144745.379:ERROR:in_progress_cache_impl.cc(189)] Cache is not initialized, cannot RetrieveEntry.
5월 28, 2018 14:47:45.38 [7652:1436:0528/144745.379:ERROR:in_progress_cache_impl.cc(189)] Cache is not initialized, cannot RetrieveEntry.
5월 28, 2018 14:47:45.38 [7652:1436:0528/144745.379:ERROR:in_progress_cache_impl.cc(189)] Cache is not initialized, cannot RetrieveEntry.
5월 28, 2018 14:47:45.38 [7652:1436:0528/144745.379:ERROR:in_progress_cache_impl.cc(189)] Cache is not initialized, cannot RetrieveEntry.
5월 28, 2018 14:47:45.38 [7652:1436:0528/144745.379:ERROR:in_progress_cache_impl.cc(189)] Cache is not initialized, cannot RetrieveEntry.
5월 28, 2018 14:47:45.38 [7652:1436:0528/144745.379:ERROR:in_progress_cache_impl.cc(189)] Cache is not initialized, cannot RetrieveEntry.
5월 28, 2018 14:47:45.39 [7652:1436:0528/144745.379:ERROR:in_progress_cache_impl.cc(189)] Cache is not initialized, cannot RetrieveEntry.
5월 28, 2018 14:47:45.39 [7652:1436:0528/144745.392:ERROR:in_progress_cache_impl.cc(189)] Cache is not initialized, cannot RetrieveEntry.
5월 28, 2018 14:47:45.39 [7652:1436:0528/144745.392:ERROR:in_progress_cache_impl.cc(189)] Cache is not initialized, cannot RetrieveEntry.
5월 28, 2018 14:47:45.39 [7652:1436:0528/144745.392:ERROR:in_progress_cache_impl.cc(189)] Cache is not initialized, cannot RetrieveEntry.
5월 28, 2018 14:47:45.39 [7652:1436:0528/144745.392:ERROR:in_progress_cache_impl.cc(189)] Cache is not initialized, cannot RetrieveEntry.
5월 28, 2018 14:47:45.39 [7652:1436:0528/144745.393:ERROR:in_progress_cache_impl.cc(189)] Cache is not initialized, cannot RetrieveEntry.
5월 28, 2018 14:47:45.39 [7652:1436:0528/144745.393:ERROR:in_progress_cache_impl.cc(189)] Cache is not initialized, cannot RetrieveEntry.
5월 28, 2018 14:47:45.39 [7652:1436:0528/144745.393:ERROR:in_progress_cache_impl.cc(189)] Cache is not initialized, cannot RetrieveEntry.
5월 28, 2018 14:47:45.39 [7652:1436:0528/144745.393:ERROR:in_progress_cache_impl.cc(189)] Cache is not initialized, cannot RetrieveEntry.
5월 28, 2018 14:47:45.39 [7652:1436:0528/144745.393:ERROR:in_progress_cache_impl.cc(189)] Cache is not initialized, cannot RetrieveEntry.
5월 28, 2018 14:47:45.39 [7652:1436:0528/144745.393:ERROR:in_progress_cache_impl.cc(189)] Cache is not initialized, cannot RetrieveEntry.
5월 28, 2018 14:47:45.39 [7652:1436:0528/144745.393:ERROR:in_progress_cache_impl.cc(189)] Cache is not initialized, cannot RetrieveEntry.
5월 28, 2018 14:47:45.39 [7652:1436:0528/144745.393:ERROR:in_progress_cache_impl.cc(189)] Cache is not initialized, cannot RetrieveEntry.
5월 28, 2018 14:47:45.39 [7652:1436:0528/144745.393:ERROR:in_progress_cache_impl.cc(189)] Cache is not initialized, cannot RetrieveEntry.
5월 28, 2018 14:47:45.39 [7652:1436:0528/144745.393:ERROR:in_progress_cache_impl.cc(189)] Cache is not initialized, cannot RetrieveEntry.
5월 28, 2018 14:47:45.39 [7652:1436:0528/144745.393:ERROR:in_progress_cache_impl.cc(189)] Cache is not initialized, cannot RetrieveEntry.
5월 28, 2018 14:47:45.39 [7652:1436:0528/144745.393:ERROR:in_progress_cache_impl.cc(189)] Cache is not initialized, cannot RetrieveEntry.
5월 28, 2018 14:47:45.39 [7652:1436:0528/144745.393:ERROR:in_progress_cache_impl.cc(189)] Cache is not initialized, cannot RetrieveEntry.
5월 28, 2018 14:47:45.39 [7652:1436:0528/144745.393:ERROR:in_progress_cache_impl.cc(189)] Cache is not initialized, cannot RetrieveEntry.
5월 28, 2018 14:47:45.39 [7652:1436:0528/144745.393:ERROR:in_progress_cache_impl.cc(189)] Cache is not initialized, cannot RetrieveEntry.
5월 28, 2018 14:47:45.39 [7652:1436:0528/144745.393:ERROR:in_progress_cache_impl.cc(189)] Cache is not initialized, cannot RetrieveEntry.
5월 28, 2018 14:47:45.39 [7652:1436:0528/144745.393:ERROR:in_progress_cache_impl.cc(189)] Cache is not initialized, cannot RetrieveEntry.
5월 28, 2018 14:47:45.39 [7652:1436:0528/144745.393:ERROR:in_progress_cache_impl.cc(189)] Cache is not initialized, cannot RetrieveEntry.
5월 28, 2018 14:47:45.39 [7652:1436:0528/144745.393:ERROR:in_progress_cache_impl.cc(189)] Cache is not initialized, cannot RetrieveEntry.
5월 28, 2018 14:47:45.40 [7652:1436:0528/144745.393:ERROR:in_progress_cache_impl.cc(189)] Cache is not initialized, cannot RetrieveEntry.
5월 28, 2018 14:47:45.40 [7652:1436:0528/144745.393:ERROR:in_progress_cache_impl.cc(189)] Cache is not initialized, cannot RetrieveEntry.
5월 28, 2018 14:47:45.40 [7652:1436:0528/144745.393:ERROR:in_progress_cache_impl.cc(189)] Cache is not initialized, cannot RetrieveEntry.
5월 28, 2018 14:47:45.40 [7652:1436:0528/144745.393:ERROR:in_progress_cache_impl.cc(189)] Cache is not initialized, cannot RetrieveEntry.
5월 28, 2018 14:47:45.40 [7652:1436:0528/144745.393:ERROR:in_progress_cache_impl.cc(189)] Cache is not initialized, cannot RetrieveEntry.
5월 28, 2018 14:47:45.40 [7652:1436:0528/144745.393:ERROR:in_progress_cache_impl.cc(189)] Cache is not initialized, cannot RetrieveEntry.
5월 28, 2018 14:47:45.40 [7652:1436:0528/144745.393:ERROR:in_progress_cache_impl.cc(189)] Cache is not initialized, cannot RetrieveEntry.
5월 28, 2018 14:47:45.40 [7652:1436:0528/144745.393:ERROR:in_progress_cache_impl.cc(189)] Cache is not initialized, cannot RetrieveEntry.
5월 28, 2018 14:47:45.40 [7652:1436:0528/144745.393:ERROR:in_progress_cache_impl.cc(189)] Cache is not initialized, cannot RetrieveEntry.
5월 28, 2018 14:47:45.40 [7652:1436:0528/144745.393:ERROR:in_progress_cache_impl.cc(189)] Cache is not initialized, cannot RetrieveEntry.
5월 28, 2018 14:47:45.40 [7652:1436:0528/144745.393:ERROR:in_progress_cache_impl.cc(189)] Cache is not initialized, cannot RetrieveEntry.
5월 28, 2018 14:47:45.40 [7652:1436:0528/144745.393:ERROR:in_progress_cache_impl.cc(189)] Cache is not initialized, cannot RetrieveEntry.
5월 28, 2018 14:47:45.40 [7652:1436:0528/144745.393:ERROR:in_progress_cache_impl.cc(189)] Cache is not initialized, cannot RetrieveEntry.
5월 28, 2018 14:47:45.40 [7652:1436:0528/144745.393:ERROR:in_progress_cache_impl.cc(189)] Cache is not initialized, cannot RetrieveEntry.
5월 28, 2018 14:47:45.40 [7652:1436:0528/144745.393:ERROR:in_progress_cache_impl.cc(189)] Cache is not initialized, cannot RetrieveEntry.
5월 28, 2018 14:47:45.40 [7652:1436:0528/144745.393:ERROR:in_progress_cache_impl.cc(189)] Cache is not initialized, cannot RetrieveEntry.
5월 28, 2018 14:47:45.40 [7652:1436:0528/144745.393:ERROR:in_progress_cache_impl.cc(189)] Cache is not initialized, cannot RetrieveEntry.
5월 28, 2018 14:47:45.40 [7652:1436:0528/144745.393:ERROR:in_progress_cache_impl.cc(189)] Cache is not initialized, cannot RetrieveEntry.
5월 28, 2018 14:47:45.40 [7652:1436:0528/144745.393:ERROR:in_progress_cache_impl.cc(189)] Cache is not initialized, cannot RetrieveEntry.
5월 28, 2018 14:47:45.40 [7652:1436:0528/144745.393:ERROR:in_progress_cache_impl.cc(189)] Cache is not initialized, cannot RetrieveEntry.
5월 28, 2018 14:47:45.40 [7652:1436:0528/144745.393:ERROR:in_progress_cache_impl.cc(189)] Cache is not initialized, cannot RetrieveEntry.
5월 28, 2018 14:47:45.40 [7652:1436:0528/144745.393:ERROR:in_progress_cache_impl.cc(189)] Cache is not initialized, cannot RetrieveEntry.
5월 28, 2018 14:47:45.40 [7652:1436:0528/144745.393:ERROR:in_progress_cache_impl.cc(189)] Cache is not initialized, cannot RetrieveEntry.
5월 28, 2018 14:47:45.40 [7652:1436:0528/144745.394:ERROR:in_progress_cache_impl.cc(189)] Cache is not initialized, cannot RetrieveEntry.
5월 28, 2018 14:47:45.40 [7652:1436:0528/144745.394:ERROR:in_progress_cache_impl.cc(189)] Cache is not initialized, cannot RetrieveEntry.
5월 28, 2018 14:47:45.40 [7652:1436:0528/144745.394:ERROR:in_progress_cache_impl.cc(189)] Cache is not initialized, cannot RetrieveEntry.
5월 28, 2018 14:47:45.40 [7652:1436:0528/144745.394:ERROR:in_progress_cache_impl.cc(189)] Cache is not initialized, cannot RetrieveEntry.
5월 28, 2018 14:47:45.40 [7652:1436:0528/144745.394:ERROR:in_progress_cache_impl.cc(189)] Cache is not initialized, cannot RetrieveEntry.
5월 28, 2018 14:47:45.40 [7652:1436:0528/144745.403:ERROR:in_progress_cache_impl.cc(189)] Cache is not initialized, cannot RetrieveEntry.
5월 28, 2018 14:47:45.40 [7652:1436:0528/144745.403:ERROR:in_progress_cache_impl.cc(189)] Cache is not initialized, cannot RetrieveEntry.
5월 28, 2018 14:47:45.40 [7652:1436:0528/144745.403:ERROR:in_progress_cache_impl.cc(189)] Cache is not initialized, cannot RetrieveEntry.
5월 28, 2018 14:47:45.40 [7652:1436:0528/144745.403:ERROR:in_progress_cache_impl.cc(189)] Cache is not initialized, cannot RetrieveEntry.
5월 28, 2018 14:47:45.40 [7652:1436:0528/144745.403:ERROR:in_progress_cache_impl.cc(189)] Cache is not initialized, cannot RetrieveEntry.
5월 28, 2018 14:47:45.40 [7652:1436:0528/144745.403:ERROR:in_progress_cache_impl.cc(189)] Cache is not initialized, cannot RetrieveEntry.
5월 28, 2018 14:47:45.40 [7652:1436:0528/144745.403:ERROR:in_progress_cache_impl.cc(189)] Cache is not initialized, cannot RetrieveEntry.
5월 28, 2018 14:47:45.40 [7652:1436:0528/144745.403:ERROR:in_progress_cache_impl.cc(189)] Cache is not initialized, cannot RetrieveEntry.
5월 28, 2018 14:47:45.40 [7652:1436:0528/144745.403:ERROR:in_progress_cache_impl.cc(189)] Cache is not initialized, cannot RetrieveEntry.
5월 28, 2018 14:47:45.40 [7652:1436:0528/144745.403:ERROR:in_progress_cache_impl.cc(189)] Cache is not initialized, cannot RetrieveEntry.
5월 28, 2018 14:47:45.40 [7652:1436:0528/144745.403:ERROR:in_progress_cache_impl.cc(189)] Cache is not initialized, cannot RetrieveEntry.
5월 28, 2018 14:47:45.40 [7652:1436:0528/144745.403:ERROR:in_progress_cache_impl.cc(189)] Cache is not initialized, cannot RetrieveEntry.
5월 28, 2018 14:47:45.40 [7652:1436:0528/144745.403:ERROR:in_progress_cache_impl.cc(189)] Cache is not initialized, cannot RetrieveEntry.
5월 28, 2018 14:47:45.40 [7652:1436:0528/144745.403:ERROR:in_progress_cache_impl.cc(189)] Cache is not initialized, cannot RetrieveEntry.
5월 28, 2018 14:47:45.40 [7652:1436:0528/144745.403:ERROR:in_progress_cache_impl.cc(189)] Cache is not initialized, cannot RetrieveEntry.
5월 28, 2018 17:28:53.42 Unable to read VR Path Registry from C:\Users\kosta\AppData\Local\openvr\openvrpaths.vrpath
5월 28, 2018 17:28:53.42 [7652:3304:0528/172853.423:ERROR:ssl_client_socket_impl.cc(1098)] handshake failed; returned -1, SSL error code 1, net_error -100
5월 28, 2018 17:28:58.16 [7652:3304:0528/172858.163:ERROR:ssl_client_socket_impl.cc(1098)] handshake failed; returned -1, SSL error code 1, net_error -100
5월 28, 2018 17:29:09.16 [7652:3304:0528/172909.163:ERROR:ssl_client_socket_impl.cc(1098)] handshake failed; returned -1, SSL error code 1, net_error -100
5월 28, 2018 17:49:14.73 [7652:3304:0528/174914.738:ERROR:ssl_client_socket_impl.cc(1098)] handshake failed; returned -1, SSL error code 1, net_error -100
5월 28, 2018 17:49:15.50 [7652:3304:0528/174915.503:ERROR:ssl_client_socket_impl.cc(1098)] handshake failed; returned -1, SSL error code 1, net_error -100
